2023-07-09 12:09:10 [scrapy.utils.log] INFO: Scrapy 2.9.0 started (bot: wikiSpider)
2023-07-09 12:09:10 [scrapy.utils.log] INFO: Versions: lxml 4.9.1.0, libxml2 2.9.12, cssselect 1.2.0, parsel 1.8.1, w3lib 2.1.1, Twisted 22.10.0, Python 3.8.0 (tags/v3.8.0:fa919fd, Oct 14 2019, 19:21:23) [MSC v.1916 32 bit (Intel)], pyOpenSSL 23.2.0 (OpenSSL 3.0.7 1 Nov 2022), cryptography 39.0.0, Platform Windows-7-6.1.7601-SP1
2023-07-09 12:09:11 [scrapy.crawler] INFO: Overridden settings:
{'BOT_NAME': 'wikiSpider',
 'FEED_EXPORT_ENCODING': 'utf-8',
 'LOG_FILE': 'wiki.log',
 'LOG_LEVEL': 'INFO',
 'NEWSPIDER_MODULE': 'wikiSpider.spiders',
 'REQUEST_FINGERPRINTER_IMPLEMENTATION': '2.7',
 'ROBOTSTXT_OBEY': True,
 'SPIDER_MODULES': ['wikiSpider.spiders'],
 'TWISTED_REACTOR': 'twisted.internet.asyncioreactor.AsyncioSelectorReactor'}
2023-07-09 12:09:11 [scrapy.extensions.telnet] INFO: Telnet Password: 5cef404c62606555
2023-07-09 12:09:11 [scrapy.middleware] INFO: Enabled extensions:
['scrapy.extensions.corestats.CoreStats',
 'scrapy.extensions.telnet.TelnetConsole',
 'scrapy.extensions.logstats.LogStats']
2023-07-09 12:09:12 [scrapy.middleware] INFO: Enabled downloader middlewares:
['scrapy.downloadermiddlewares.robotstxt.RobotsTxtMiddleware',
 'scrapy.downloadermiddlewares.httpauth.HttpAuthMiddleware',
 'scrapy.downloadermiddlewares.downloadtimeout.DownloadTimeoutMiddleware',
 'scrapy.downloadermiddlewares.defaultheaders.DefaultHeadersMiddleware',
 'scrapy.downloadermiddlewares.useragent.UserAgentMiddleware',
 'scrapy.downloadermiddlewares.retry.RetryMiddleware',
 'scrapy.downloadermiddlewares.redirect.MetaRefreshMiddleware',
 'scrapy.downloadermiddlewares.httpcompression.HttpCompressionMiddleware',
 'scrapy.downloadermiddlewares.redirect.RedirectMiddleware',
 'scrapy.downloadermiddlewares.cookies.CookiesMiddleware',
 'scrapy.downloadermiddlewares.httpproxy.HttpProxyMiddleware',
 'scrapy.downloadermiddlewares.stats.DownloaderStats']
2023-07-09 12:09:12 [scrapy.middleware] INFO: Enabled spider middlewares:
['scrapy.spidermiddlewares.httperror.HttpErrorMiddleware',
 'scrapy.spidermiddlewares.offsite.OffsiteMiddleware',
 'scrapy.spidermiddlewares.referer.RefererMiddleware',
 'scrapy.spidermiddlewares.urllength.UrlLengthMiddleware',
 'scrapy.spidermiddlewares.depth.DepthMiddleware']
2023-07-09 12:09:12 [scrapy.middleware] INFO: Enabled item pipelines:
[]
2023-07-09 12:09:12 [scrapy.core.engine] INFO: Spider opened
2023-07-09 12:09:13 [scrapy.extensions.logstats] INFO: Crawled 0 pages (at 0 pages/min), scraped 0 items (at 0 items/min)
2023-07-09 12:09:13 [scrapy.extensions.telnet] INFO: Telnet console listening on 127.0.0.1:6023
2023-07-09 12:09:13 [scrapy.core.engine] INFO: Closing spider (finished)
2023-07-09 12:09:13 [scrapy.statscollectors] INFO: Dumping Scrapy stats:
{'elapsed_time_seconds': 0.0156,
 'finish_reason': 'finished',
 'finish_time': datetime.datetime(2023, 7, 9, 9, 9, 13, 44261),
 'log_count/INFO': 10,
 'start_time': datetime.datetime(2023, 7, 9, 9, 9, 13, 28661)}
2023-07-09 12:09:13 [scrapy.core.engine] INFO: Spider closed (finished)
